Start building sites … 
hugo v0.111.3+extended linux/arm64 BuildDate=2023-03-16T08:41:31Z VendorInfo=debian:0.111.3-1

                   | EN  
-------------------+-----
  Pages            |  5  
  Paginator pages  |  0  
  Non-page files   |  0  
  Static files     |  0  
  Processed images |  0  
  Aliases          |  0  
  Sitemaps         |  1  
  Cleaned          |  0  

Built in 7 ms
Watching for changes in /workspace/adventcalendar/{archetypes,content,themes}
Watching for config changes in /workspace/adventcalendar/hugo.toml
Environment: "development"
Serving pages from memory
Running in Fast Render Mode. For full rebuilds on change: hugo server --disableFastRender
Web Server is available at http://localhost:1313/ (bind address 0.0.0.0)
Press Ctrl+C to stop
